{
 "cells": [
  {
   "cell_type": "code",
   "execution_count": 1,
   "id": "455bce8d",
   "metadata": {
    "execution": {
     "iopub.execute_input": "2025-09-28T00:03:23.290421Z",
     "iopub.status.busy": "2025-09-28T00:03:23.289778Z",
     "iopub.status.idle": "2025-09-28T00:03:24.207253Z",
     "shell.execute_reply": "2025-09-28T00:03:24.206338Z"
    },
    "papermill": {
     "duration": 0.922075,
     "end_time": "2025-09-28T00:03:24.208665",
     "exception": false,
     "start_time": "2025-09-28T00:03:23.286590",
     "status": "completed"
    },
    "tags": []
   },
   "outputs": [
    {
     "name": "stdout",
     "output_type": "stream",
     "text": [
      "Cloning into 'stylegan3'...\r\n",
      "remote: Enumerating objects: 212, done.\u001b[K\r\n",
      "remote: Counting objects: 100% (163/163), done.\u001b[K\r\n",
      "remote: Compressing objects: 100% (73/73), done.\u001b[K\r\n",
      "remote: Total 212 (delta 99), reused 90 (delta 90), pack-reused 49 (from 1)\u001b[K\r\n",
      "Receiving objects: 100% (212/212), 4.16 MiB | 34.64 MiB/s, done.\r\n",
      "Resolving deltas: 100% (108/108), done.\r\n"
     ]
    }
   ],
   "source": [
    "!git clone https://github.com/NVlabs/stylegan3.git"
   ]
  },
  {
   "cell_type": "code",
   "execution_count": 2,
   "id": "79ac78c2",
   "metadata": {
    "execution": {
     "iopub.execute_input": "2025-09-28T00:03:24.216156Z",
     "iopub.status.busy": "2025-09-28T00:03:24.215902Z",
     "iopub.status.idle": "2025-09-28T00:03:24.220749Z",
     "shell.execute_reply": "2025-09-28T00:03:24.220160Z"
    },
    "papermill": {
     "duration": 0.0098,
     "end_time": "2025-09-28T00:03:24.221882",
     "exception": false,
     "start_time": "2025-09-28T00:03:24.212082",
     "status": "completed"
    },
    "tags": []
   },
   "outputs": [
    {
     "name": "stdout",
     "output_type": "stream",
     "text": [
      "å½“å‰ç›®å½•: /kaggle/working/stylegan3\n",
      "['viz', 'calc_metrics.py', 'visualizer.py', '.git', 'docs', 'gen_images.py', 'gui_utils', 'torch_utils', 'legacy.py', 'environment.yml', 'metrics', 'dnnlib', 'train.py', 'README.md', 'LICENSE.txt', 'Dockerfile', 'training', '.github', 'gen_video.py', 'avg_spectra.py', 'dataset_tool.py']\n"
     ]
    }
   ],
   "source": [
    "# æ”¹å˜å½“å‰ç›®å½•åˆ°é¡¹ç›®æ–‡ä»¶å¤¹\n",
    "import os\n",
    "os.chdir('/kaggle/working/stylegan3')\n",
    "\n",
    "# éªŒè¯ä¸€ä¸‹å½“å‰ç›®å½•\n",
    "print(\"å½“å‰ç›®å½•:\", os.getcwd())\n",
    "# åˆ—å‡ºæ–‡ä»¶ï¼Œç¡®è®¤é¡¹ç›®æ–‡ä»¶éƒ½åœ¨\n",
    "print(os.listdir())"
   ]
  },
  {
   "cell_type": "code",
   "execution_count": 3,
   "id": "a4798a9d",
   "metadata": {
    "execution": {
     "iopub.execute_input": "2025-09-28T00:03:24.227739Z",
     "iopub.status.busy": "2025-09-28T00:03:24.227306Z",
     "iopub.status.idle": "2025-09-28T00:06:06.593247Z",
     "shell.execute_reply": "2025-09-28T00:06:06.592200Z"
    },
    "papermill": {
     "duration": 162.370534,
     "end_time": "2025-09-28T00:06:06.594871",
     "exception": false,
     "start_time": "2025-09-28T00:03:24.224337",
     "status": "completed"
    },
    "tags": []
   },
   "outputs": [
    {
     "name": "stdout",
     "output_type": "stream",
     "text": [
      "Collecting pillow==8.3.1\r\n",
      "  Downloading Pillow-8.3.1.tar.gz (48.7 MB)\r\n",
      "\u001b[2K     \u001b[90mâ”â”â”â”â”â”â”â”â”â”â”â”â”â”â”â”â”â”â”â”â”â”â”â”â”â”â”â”â”â”â”â”â”â”â”â”â”â”â”â”\u001b[0m \u001b[32m48.7/48.7 MB\u001b[0m \u001b[31m32.8 MB/s\u001b[0m eta \u001b[36m0:00:00\u001b[0m\r\n",
      "\u001b[?25h  Preparing metadata (setup.py) ... \u001b[?25l\u001b[?25hdone\r\n",
      "Building wheels for collected packages: pillow\r\n",
      "  Building wheel for pillow (setup.py) ... \u001b[?25l\u001b[?25hdone\r\n",
      "  Created wheel for pillow: filename=Pillow-8.3.1-cp311-cp311-linux_x86_64.whl size=1213496 sha256=830bb0ae513243cc6e263d77329748f85234fb536a2cc30ee81a41509830e5d1\r\n",
      "  Stored in directory: /root/.cache/pip/wheels/d5/f0/56/54ed274b63aa20da572c894203e0060cd552c6fe01759043f5\r\n",
      "Successfully built pillow\r\n",
      "Installing collected packages: pillow\r\n",
      "  Attempting uninstall: pillow\r\n",
      "    Found existing installation: pillow 11.2.1\r\n",
      "    Uninstalling pillow-11.2.1:\r\n",
      "      Successfully uninstalled pillow-11.2.1\r\n",
      "\u001b[31mERROR: pip's dependency resolver does not currently take into account all the packages that are installed. This behaviour is the source of the following dependency conflicts.\r\n",
      "bigframes 2.8.0 requires google-cloud-bigquery-storage<3.0.0,>=2.30.0, which is not installed.\r\n",
      "torchtune 0.6.1 requires Pillow>=9.4.0, but you have pillow 8.3.1 which is incompatible.\r\n",
      "imageio 2.37.0 requires pillow>=8.3.2, but you have pillow 8.3.1 which is incompatible.\r\n",
      "dopamine-rl 4.1.2 requires gymnasium>=1.0.0, but you have gymnasium 0.29.0 which is incompatible.\r\n",
      "scikit-image 0.25.2 requires pillow>=10.1, but you have pillow 8.3.1 which is incompatible.\r\n",
      "torchvision 0.21.0+cu124 requires pillow!=8.3.*,>=5.3.0, but you have pillow 8.3.1 which is incompatible.\r\n",
      "fastai 2.7.19 requires pillow>=9.0.0, but you have pillow 8.3.1 which is incompatible.\r\n",
      "plotnine 0.14.5 requires matplotlib>=3.8.0, but you have matplotlib 3.7.2 which is incompatible.\r\n",
      "bigframes 2.8.0 requires google-cloud-bigquery[bqstorage,pandas]>=3.31.0, but you have google-cloud-bigquery 3.25.0 which is incompatible.\r\n",
      "bigframes 2.8.0 requires rich<14,>=12.4.4, but you have rich 14.0.0 which is incompatible.\r\n",
      "mlxtend 0.23.4 requires scikit-learn>=1.3.1, but you have scikit-learn 1.2.2 which is incompatible.\u001b[0m\u001b[31m\r\n",
      "\u001b[0mSuccessfully installed pillow-8.3.1\r\n",
      "\u001b[31mERROR: Ignored the following yanked versions: 1.11.0, 1.14.0rc1\u001b[0m\u001b[31m\r\n",
      "\u001b[0m\u001b[31mERROR: Ignored the following versions that require a different python version: 1.6.2 Requires-Python >=3.7,<3.10; 1.6.3 Requires-Python >=3.7,<3.10; 1.7.0 Requires-Python >=3.7,<3.10; 1.7.1 Requires-Python >=3.7,<3.10; 1.7.2 Requires-Python >=3.7,<3.11; 1.7.3 Requires-Python >=3.7,<3.11; 1.8.0 Requires-Python >=3.8,<3.11; 1.8.0rc1 Requires-Python >=3.8,<3.11; 1.8.0rc2 Requires-Python >=3.8,<3.11; 1.8.0rc3 Requires-Python >=3.8,<3.11; 1.8.0rc4 Requires-Python >=3.8,<3.11; 1.8.1 Requires-Python >=3.8,<3.11\u001b[0m\u001b[31m\r\n",
      "\u001b[0m\u001b[31mERROR: Could not find a version that satisfies the requirement scipy==1.7.1 (from versions: 0.8.0, 0.9.0, 0.10.0, 0.10.1, 0.11.0, 0.12.0, 0.12.1, 0.13.0, 0.13.1, 0.13.2, 0.13.3, 0.14.0, 0.14.1, 0.15.0, 0.15.1, 0.16.0, 0.16.1, 0.17.0, 0.17.1, 0.18.0, 0.18.1, 0.19.0, 0.19.1, 1.0.0, 1.0.1, 1.1.0, 1.2.0, 1.2.1, 1.2.2, 1.2.3, 1.3.0, 1.3.1, 1.3.2, 1.3.3, 1.4.0, 1.4.1, 1.5.0, 1.5.1, 1.5.2, 1.5.3, 1.5.4, 1.6.0, 1.6.1, 1.9.0rc1, 1.9.0rc2, 1.9.0rc3, 1.9.0, 1.9.1, 1.9.2, 1.9.3, 1.10.0rc1, 1.10.0rc2, 1.10.0, 1.10.1, 1.11.0rc1, 1.11.0rc2, 1.11.1, 1.11.2, 1.11.3, 1.11.4, 1.12.0rc1, 1.12.0rc2, 1.12.0, 1.13.0rc1, 1.13.0, 1.13.1, 1.14.0rc2, 1.14.0, 1.14.1, 1.15.0rc1, 1.15.0rc2, 1.15.0, 1.15.1, 1.15.2, 1.15.3, 1.16.0rc1, 1.16.0rc2, 1.16.0, 1.16.1, 1.16.2)\u001b[0m\u001b[31m\r\n",
      "\u001b[0m\u001b[31mERROR: No matching distribution found for scipy==1.7.1\u001b[0m\u001b[31m\r\n",
      "\u001b[0mCollecting requests==2.26.0\r\n",
      "  Downloading requests-2.26.0-py2.py3-none-any.whl.metadata (4.8 kB)\r\n",
      "Collecting urllib3<1.27,>=1.21.1 (from requests==2.26.0)\r\n",
      "  Downloading urllib3-1.26.20-py2.py3-none-any.whl.metadata (50 kB)\r\n",
      "\u001b[2K     \u001b[90mâ”â”â”â”â”â”â”â”â”â”â”â”â”â”â”â”â”â”â”â”â”â”â”â”â”â”â”â”â”â”â”â”â”â”â”â”â”â”â”â”\u001b[0m \u001b[32m50.1/50.1 kB\u001b[0m \u001b[31m2.7 MB/s\u001b[0m eta \u001b[36m0:00:00\u001b[0m\r\n",
      "\u001b[?25hRequirement already satisfied: certifi>=2017.4.17 in /usr/local/lib/python3.11/dist-packages (from requests==2.26.0) (2025.6.15)\r\n",
      "Collecting charset-normalizer~=2.0.0 (from requests==2.26.0)\r\n",
      "  Downloading charset_normalizer-2.0.12-py3-none-any.whl.metadata (11 kB)\r\n",
      "Requirement already satisfied: idna<4,>=2.5 in /usr/local/lib/python3.11/dist-packages (from requests==2.26.0) (3.10)\r\n",
      "Downloading requests-2.26.0-py2.py3-none-any.whl (62 kB)\r\n",
      "\u001b[2K   \u001b[90mâ”â”â”â”â”â”â”â”â”â”â”â”â”â”â”â”â”â”â”â”â”â”â”â”â”â”â”â”â”â”â”â”â”â”â”â”â”â”â”â”\u001b[0m \u001b[32m62.3/62.3 kB\u001b[0m \u001b[31m4.8 MB/s\u001b[0m eta \u001b[36m0:00:00\u001b[0m\r\n",
      "\u001b[?25hDownloading charset_normalizer-2.0.12-py3-none-any.whl (39 kB)\r\n",
      "Downloading urllib3-1.26.20-py2.py3-none-any.whl (144 kB)\r\n",
      "\u001b[2K   \u001b[90mâ”â”â”â”â”â”â”â”â”â”â”â”â”â”â”â”â”â”â”â”â”â”â”â”â”â”â”â”â”â”â”â”â”â”â”â”â”â”â”â”\u001b[0m \u001b[32m144.2/144.2 kB\u001b[0m \u001b[31m8.6 MB/s\u001b[0m eta \u001b[36m0:00:00\u001b[0m\r\n",
      "\u001b[?25hInstalling collected packages: urllib3, charset-normalizer, requests\r\n",
      "  Attempting uninstall: urllib3\r\n",
      "    Found existing installation: urllib3 2.5.0\r\n",
      "    Uninstalling urllib3-2.5.0:\r\n",
      "      Successfully uninstalled urllib3-2.5.0\r\n",
      "  Attempting uninstall: charset-normalizer\r\n",
      "    Found existing installation: charset-normalizer 3.4.2\r\n",
      "    Uninstalling charset-normalizer-3.4.2:\r\n",
      "      Successfully uninstalled charset-normalizer-3.4.2\r\n",
      "  Attempting uninstall: requests\r\n",
      "    Found existing installation: requests 2.32.4\r\n",
      "    Uninstalling requests-2.32.4:\r\n",
      "      Successfully uninstalled requests-2.32.4\r\n",
      "\u001b[31mERROR: pip's dependency resolver does not currently take into account all the packages that are installed. This behaviour is the source of the following dependency conflicts.\r\n",
      "bigframes 2.8.0 requires google-cloud-bigquery-storage<3.0.0,>=2.30.0, which is not installed.\r\n",
      "libpysal 4.9.2 requires requests>=2.27, but you have requests 2.26.0 which is incompatible.\r\n",
      "datasets 3.6.0 requires fsspec[http]<=2025.3.0,>=2023.1.0, but you have fsspec 2025.5.1 which is incompatible.\r\n",
      "datasets 3.6.0 requires requests>=2.32.2, but you have requests 2.26.0 which is incompatible.\r\n",
      "jupyterlab-server 2.27.3 requires requests>=2.31, but you have requests 2.26.0 which is incompatible.\r\n",
      "google-colab 1.0.0 requires google-auth==2.38.0, but you have google-auth 2.40.3 which is incompatible.\r\n",
      "google-colab 1.0.0 requires notebook==6.5.7, but you have notebook 6.5.4 which is incompatible.\r\n",
      "google-colab 1.0.0 requires pandas==2.2.2, but you have pandas 2.2.3 which is incompatible.\r\n",
      "google-colab 1.0.0 requires requests==2.32.3, but you have requests 2.26.0 which is incompatible.\r\n",
      "google-colab 1.0.0 requires tornado==6.4.2, but you have tornado 6.5.1 which is incompatible.\r\n",
      "pandas-gbq 0.29.1 requires google-api-core<3.0.0,>=2.10.2, but you have google-api-core 1.34.1 which is incompatible.\r\n",
      "google-genai 1.21.1 requires requests<3.0.0,>=2.28.1, but you have requests 2.26.0 which is incompatible.\r\n",
      "gcsfs 2025.3.2 requires fsspec==2025.3.2, but you have fsspec 2025.5.1 which is incompatible.\r\n",
      "langchain-core 0.3.66 requires packaging<25,>=23.2, but you have packaging 25.0 which is incompatible.\r\n",
      "fastai 2.7.19 requires pillow>=9.0.0, but you have pillow 8.3.1 which is incompatible.\r\n",
      "google-cloud-storage 2.19.0 requires google-api-core<3.0.0dev,>=2.15.0, but you have google-api-core 1.34.1 which is incompatible.\r\n",
      "yfinance 0.2.63 requires requests>=2.31, but you have requests 2.26.0 which is incompatible.\r\n",
      "dataproc-spark-connect 0.7.5 requires google-api-core>=2.19, but you have google-api-core 1.34.1 which is incompatible.\r\n",
      "sphinx 8.2.3 requires requests>=2.30.0, but you have requests 2.26.0 which is incompatible.\r\n",
      "bigframes 2.8.0 requires google-cloud-bigquery[bqstorage,pandas]>=3.31.0, but you have google-cloud-bigquery 3.25.0 which is incompatible.\r\n",
      "bigframes 2.8.0 requires requests>=2.27.1, but you have requests 2.26.0 which is incompatible.\r\n",
      "bigframes 2.8.0 requires rich<14,>=12.4.4, but you have rich 14.0.0 which is incompatible.\r\n",
      "jupyter-kernel-gateway 2.5.2 requires jupyter-client<8.0,>=5.2.0, but you have jupyter-client 8.6.3 which is incompatible.\r\n",
      "tweepy 4.15.0 requires requests<3,>=2.27.0, but you have requests 2.26.0 which is incompatible.\u001b[0m\u001b[31m\r\n",
      "\u001b[0mSuccessfully installed charset-normalizer-2.0.12 requests-2.26.0 urllib3-1.26.20\r\n",
      "Collecting tqdm==4.62.2\r\n",
      "  Downloading tqdm-4.62.2-py2.py3-none-any.whl.metadata (56 kB)\r\n",
      "\u001b[2K     \u001b[90mâ”â”â”â”â”â”â”â”â”â”â”â”â”â”â”â”â”â”â”â”â”â”â”â”â”â”â”â”â”â”â”â”â”â”â”â”â”â”â”â”\u001b[0m \u001b[32m57.0/57.0 kB\u001b[0m \u001b[31m2.4 MB/s\u001b[0m eta \u001b[36m0:00:00\u001b[0m\r\n",
      "\u001b[?25hDownloading tqdm-4.62.2-py2.py3-none-any.whl (76 kB)\r\n",
      "\u001b[2K   \u001b[90mâ”â”â”â”â”â”â”â”â”â”â”â”â”â”â”â”â”â”â”â”â”â”â”â”â”â”â”â”â”â”â”â”â”â”â”â”â”â”â”â”\u001b[0m \u001b[32m76.2/76.2 kB\u001b[0m \u001b[31m4.4 MB/s\u001b[0m eta \u001b[36m0:00:00\u001b[0m\r\n",
      "\u001b[?25hInstalling collected packages: tqdm\r\n",
      "  Attempting uninstall: tqdm\r\n",
      "    Found existing installation: tqdm 4.67.1\r\n",
      "    Uninstalling tqdm-4.67.1:\r\n",
      "      Successfully uninstalled tqdm-4.67.1\r\n",
      "\u001b[31mERROR: pip's dependency resolver does not currently take into account all the packages that are installed. This behaviour is the source of the following dependency conflicts.\r\n",
      "torchtune 0.6.1 requires Pillow>=9.4.0, but you have pillow 8.3.1 which is incompatible.\r\n",
      "datasets 3.6.0 requires fsspec[http]<=2025.3.0,>=2023.1.0, but you have fsspec 2025.5.1 which is incompatible.\r\n",
      "datasets 3.6.0 requires requests>=2.32.2, but you have requests 2.26.0 which is incompatible.\r\n",
      "datasets 3.6.0 requires tqdm>=4.66.3, but you have tqdm 4.62.2 which is incompatible.\r\n",
      "featuretools 1.31.0 requires tqdm>=4.66.3, but you have tqdm 4.62.2 which is incompatible.\r\n",
      "preprocessing 0.1.13 requires nltk==3.2.4, but you have nltk 3.9.1 which is incompatible.\r\n",
      "dopamine-rl 4.1.2 requires gymnasium>=1.0.0, but you have gymnasium 0.29.0 which is incompatible.\r\n",
      "dopamine-rl 4.1.2 requires tqdm>=4.64.1, but you have tqdm 4.62.2 which is incompatible.\r\n",
      "dataproc-spark-connect 0.7.5 requires google-api-core>=2.19, but you have google-api-core 1.34.1 which is incompatible.\r\n",
      "dataproc-spark-connect 0.7.5 requires tqdm>=4.67, but you have tqdm 4.62.2 which is incompatible.\u001b[0m\u001b[31m\r\n",
      "\u001b[0mSuccessfully installed tqdm-4.62.2\r\n",
      "Collecting ninja==1.10.2\r\n",
      "  Downloading ninja-1.10.2-py2.py3-none-manylinux_2_5_x86_64.manylinux1_x86_64.whl.metadata (5.0 kB)\r\n",
      "Downloading ninja-1.10.2-py2.py3-none-manylinux_2_5_x86_64.manylinux1_x86_64.whl (108 kB)\r\n",
      "\u001b[2K   \u001b[90mâ”â”â”â”â”â”â”â”â”â”â”â”â”â”â”â”â”â”â”â”â”â”â”â”â”â”â”â”â”â”â”â”â”â”â”â”â”â”â”â”\u001b[0m \u001b[32m108.1/108.1 kB\u001b[0m \u001b[31m4.0 MB/s\u001b[0m eta \u001b[36m0:00:00\u001b[0m\r\n",
      "\u001b[?25hInstalling collected packages: ninja\r\n",
      "  Attempting uninstall: ninja\r\n",
      "    Found existing installation: ninja 1.11.1.4\r\n",
      "    Uninstalling ninja-1.11.1.4:\r\n",
      "      Successfully uninstalled ninja-1.11.1.4\r\n",
      "Successfully installed ninja-1.10.2\r\n",
      "Collecting matplotlib==3.4.2\r\n",
      "  Downloading matplotlib-3.4.2.tar.gz (37.3 MB)\r\n",
      "\u001b[2K     \u001b[90mâ”â”â”â”â”â”â”â”â”â”â”â”â”â”â”â”â”â”â”â”â”â”â”â”â”â”â”â”â”â”â”â”â”â”â”â”â”â”â”â”\u001b[0m \u001b[32m37.3/37.3 MB\u001b[0m \u001b[31m48.9 MB/s\u001b[0m eta \u001b[36m0:00:00\u001b[0m\r\n",
      "\u001b[?25h  Preparing metadata (setup.py) ... \u001b[?25l\u001b[?25hdone\r\n",
      "Requirement already satisfied: cycler>=0.10 in /usr/local/lib/python3.11/dist-packages (from matplotlib==3.4.2) (0.12.1)\r\n",
      "Requirement already satisfied: kiwisolver>=1.0.1 in /usr/local/lib/python3.11/dist-packages (from matplotlib==3.4.2) (1.4.8)\r\n",
      "Requirement already satisfied: numpy>=1.16 in /usr/local/lib/python3.11/dist-packages (from matplotlib==3.4.2) (1.26.4)\r\n",
      "Requirement already satisfied: pillow>=6.2.0 in /usr/local/lib/python3.11/dist-packages (from matplotlib==3.4.2) (8.3.1)\r\n",
      "Requirement already satisfied: pyparsing>=2.2.1 in /usr/local/lib/python3.11/dist-packages (from matplotlib==3.4.2) (3.0.9)\r\n",
      "Requirement already satisfied: python-dateutil>=2.7 in /usr/local/lib/python3.11/dist-packages (from matplotlib==3.4.2) (2.9.0.post0)\r\n",
      "Requirement already satisfied: mkl_fft in /usr/local/lib/python3.11/dist-packages (from numpy>=1.16->matplotlib==3.4.2) (1.3.8)\r\n",
      "Requirement already satisfied: mkl_random in /usr/local/lib/python3.11/dist-packages (from numpy>=1.16->matplotlib==3.4.2) (1.2.4)\r\n",
      "Requirement already satisfied: mkl_umath in /usr/local/lib/python3.11/dist-packages (from numpy>=1.16->matplotlib==3.4.2) (0.1.1)\r\n",
      "Requirement already satisfied: mkl in /usr/local/lib/python3.11/dist-packages (from numpy>=1.16->matplotlib==3.4.2) (2025.2.0)\r\n",
      "Requirement already satisfied: tbb4py in /usr/local/lib/python3.11/dist-packages (from numpy>=1.16->matplotlib==3.4.2) (2022.2.0)\r\n",
      "Requirement already satisfied: mkl-service in /usr/local/lib/python3.11/dist-packages (from numpy>=1.16->matplotlib==3.4.2) (2.4.1)\r\n",
      "Requirement already satisfied: six>=1.5 in /usr/local/lib/python3.11/dist-packages (from python-dateutil>=2.7->matplotlib==3.4.2) (1.17.0)\r\n",
      "Requirement already satisfied: intel-openmp<2026,>=2024 in /usr/local/lib/python3.11/dist-packages (from mkl->numpy>=1.16->matplotlib==3.4.2) (2024.2.0)\r\n",
      "Requirement already satisfied: tbb==2022.* in /usr/local/lib/python3.11/dist-packages (from mkl->numpy>=1.16->matplotlib==3.4.2) (2022.2.0)\r\n",
      "Requirement already satisfied: tcmlib==1.* in /usr/local/lib/python3.11/dist-packages (from tbb==2022.*->mkl->numpy>=1.16->matplotlib==3.4.2) (1.4.0)\r\n",
      "Requirement already satisfied: intel-cmplr-lib-rt in /usr/local/lib/python3.11/dist-packages (from mkl_umath->numpy>=1.16->matplotlib==3.4.2) (2024.2.0)\r\n",
      "Requirement already satisfied: intel-cmplr-lib-ur==2024.2.0 in /usr/local/lib/python3.11/dist-packages (from intel-openmp<2026,>=2024->mkl->numpy>=1.16->matplotlib==3.4.2) (2024.2.0)\r\n",
      "Building wheels for collected packages: matplotlib\r\n",
      "  Building wheel for matplotlib (setup.py) ... \u001b[?25l\u001b[?25hdone\r\n",
      "  Created wheel for matplotlib: filename=matplotlib-3.4.2-cp311-cp311-linux_x86_64.whl size=10440309 sha256=dca8bf6af3a4f5f674b1d28ea16a3b955bc0431bb2c3a25d59cf5c7f666d74af\r\n",
      "  Stored in directory: /root/.cache/pip/wheels/57/a1/ed/118b1370d20bb050979204b93d5822952a2b34e36635d27908\r\n",
      "Successfully built matplotlib\r\n",
      "Installing collected packages: matplotlib\r\n",
      "  Attempting uninstall: matplotlib\r\n",
      "    Found existing installation: matplotlib 3.7.2\r\n",
      "    Uninstalling matplotlib-3.7.2:\r\n",
      "      Successfully uninstalled matplotlib-3.7.2\r\n",
      "\u001b[31mERROR: pip's dependency resolver does not currently take into account all the packages that are installed. This behaviour is the source of the following dependency conflicts.\r\n",
      "bigframes 2.8.0 requires google-cloud-bigquery-storage<3.0.0,>=2.30.0, which is not installed.\r\n",
      "ydata-profiling 4.16.1 requires matplotlib<=3.10,>=3.5, but you have matplotlib 3.4.2 which is incompatible.\r\n",
      "cartopy 0.24.1 requires matplotlib>=3.6, but you have matplotlib 3.4.2 which is incompatible.\r\n",
      "ipympl 0.9.7 requires matplotlib<4,>=3.5.0, but you have matplotlib 3.4.2 which is incompatible.\r\n",
      "mne 1.9.0 requires matplotlib>=3.6, but you have matplotlib 3.4.2 which is incompatible.\r\n",
      "arviz 0.21.0 requires matplotlib>=3.5, but you have matplotlib 3.4.2 which is incompatible.\r\n",
      "fastai 2.7.19 requires pillow>=9.0.0, but you have pillow 8.3.1 which is incompatible.\r\n",
      "plotnine 0.14.5 requires matplotlib>=3.8.0, but you have matplotlib 3.4.2 which is incompatible.\r\n",
      "bigframes 2.8.0 requires google-cloud-bigquery[bqstorage,pandas]>=3.31.0, but you have google-cloud-bigquery 3.25.0 which is incompatible.\r\n",
      "bigframes 2.8.0 requires matplotlib>=3.7.1, but you have matplotlib 3.4.2 which is incompatible.\r\n",
      "bigframes 2.8.0 requires requests>=2.27.1, but you have requests 2.26.0 which is incompatible.\r\n",
      "bigframes 2.8.0 requires rich<14,>=12.4.4, but you have rich 14.0.0 which is incompatible.\r\n",
      "mlxtend 0.23.4 requires scikit-learn>=1.3.1, but you have scikit-learn 1.2.2 which is incompatible.\u001b[0m\u001b[31m\r\n",
      "\u001b[0mSuccessfully installed matplotlib-3.4.2\r\n",
      "Collecting imageio==2.9.0\r\n",
      "  Downloading imageio-2.9.0-py3-none-any.whl.metadata (2.6 kB)\r\n",
      "Requirement already satisfied: numpy in /usr/local/lib/python3.11/dist-packages (from imageio==2.9.0) (1.26.4)\r\n",
      "Requirement already satisfied: pillow in /usr/local/lib/python3.11/dist-packages (from imageio==2.9.0) (8.3.1)\r\n",
      "Requirement already satisfied: mkl_fft in /usr/local/lib/python3.11/dist-packages (from numpy->imageio==2.9.0) (1.3.8)\r\n",
      "Requirement already satisfied: mkl_random in /usr/local/lib/python3.11/dist-packages (from numpy->imageio==2.9.0) (1.2.4)\r\n",
      "Requirement already satisfied: mkl_umath in /usr/local/lib/python3.11/dist-packages (from numpy->imageio==2.9.0) (0.1.1)\r\n",
      "Requirement already satisfied: mkl in /usr/local/lib/python3.11/dist-packages (from numpy->imageio==2.9.0) (2025.2.0)\r\n",
      "Requirement already satisfied: tbb4py in /usr/local/lib/python3.11/dist-packages (from numpy->imageio==2.9.0) (2022.2.0)\r\n",
      "Requirement already satisfied: mkl-service in /usr/local/lib/python3.11/dist-packages (from numpy->imageio==2.9.0) (2.4.1)\r\n",
      "Requirement already satisfied: intel-openmp<2026,>=2024 in /usr/local/lib/python3.11/dist-packages (from mkl->numpy->imageio==2.9.0) (2024.2.0)\r\n",
      "Requirement already satisfied: tbb==2022.* in /usr/local/lib/python3.11/dist-packages (from mkl->numpy->imageio==2.9.0) (2022.2.0)\r\n",
      "Requirement already satisfied: tcmlib==1.* in /usr/local/lib/python3.11/dist-packages (from tbb==2022.*->mkl->numpy->imageio==2.9.0) (1.4.0)\r\n",
      "Requirement already satisfied: intel-cmplr-lib-rt in /usr/local/lib/python3.11/dist-packages (from mkl_umath->numpy->imageio==2.9.0) (2024.2.0)\r\n",
      "Requirement already satisfied: intel-cmplr-lib-ur==2024.2.0 in /usr/local/lib/python3.11/dist-packages (from intel-openmp<2026,>=2024->mkl->numpy->imageio==2.9.0) (2024.2.0)\r\n",
      "Downloading imageio-2.9.0-py3-none-any.whl (3.3 MB)\r\n",
      "\u001b[2K   \u001b[90mâ”â”â”â”â”â”â”â”â”â”â”â”â”â”â”â”â”â”â”â”â”â”â”â”â”â”â”â”â”â”â”â”â”â”â”â”â”â”â”â”\u001b[0m \u001b[32m3.3/3.3 MB\u001b[0m \u001b[31m44.8 MB/s\u001b[0m eta \u001b[36m0:00:00\u001b[0m\r\n",
      "\u001b[?25hInstalling collected packages: imageio\r\n",
      "  Attempting uninstall: imageio\r\n",
      "    Found existing installation: imageio 2.37.0\r\n",
      "    Uninstalling imageio-2.37.0:\r\n",
      "      Successfully uninstalled imageio-2.37.0\r\n",
      "\u001b[31mERROR: pip's dependency resolver does not currently take into account all the packages that are installed. This behaviour is the source of the following dependency conflicts.\r\n",
      "scikit-image 0.25.2 requires imageio!=2.35.0,>=2.33, but you have imageio 2.9.0 which is incompatible.\r\n",
      "scikit-image 0.25.2 requires pillow>=10.1, but you have pillow 8.3.1 which is incompatible.\u001b[0m\u001b[31m\r\n",
      "\u001b[0mSuccessfully installed imageio-2.9.0\r\n",
      "Collecting imgui==1.3.0\r\n",
      "  Downloading imgui-1.3.0.tar.gz (844 kB)\r\n",
      "\u001b[2K     \u001b[90mâ”â”â”â”â”â”â”â”â”â”â”â”â”â”â”â”â”â”â”â”â”â”â”â”â”â”â”â”â”â”â”â”â”â”â”â”â”â”\u001b[0m \u001b[32m844.7/844.7 kB\u001b[0m \u001b[31m18.0 MB/s\u001b[0m eta \u001b[36m0:00:00\u001b[0m\r\n",
      "\u001b[?25h  \u001b[1;31merror\u001b[0m: \u001b[1msubprocess-exited-with-error\u001b[0m\r\n",
      "  \r\n",
      "  \u001b[31mÃ—\u001b[0m \u001b[32mpython setup.py egg_info\u001b[0m did not run successfully.\r\n",
      "  \u001b[31mâ”‚\u001b[0m exit code: \u001b[1;36m1\u001b[0m\r\n",
      "  \u001b[31mâ•°â”€>\u001b[0m See above for output.\r\n",
      "  \r\n",
      "  \u001b[1;35mnote\u001b[0m: This error originates from a subprocess, and is likely not a problem with pip.\r\n",
      "  Preparing metadata (setup.py) ... \u001b[?25l\u001b[?25herror\r\n",
      "\u001b[1;31merror\u001b[0m: \u001b[1mmetadata-generation-failed\u001b[0m\r\n",
      "\r\n",
      "\u001b[31mÃ—\u001b[0m Encountered error while generating package metadata.\r\n",
      "\u001b[31mâ•°â”€>\u001b[0m See above for output.\r\n",
      "\r\n",
      "\u001b[1;35mnote\u001b[0m: This is an issue with the package mentioned above, not pip.\r\n",
      "\u001b[1;36mhint\u001b[0m: See above for details.\r\n",
      "Collecting glfw==2.2.0\r\n",
      "  Downloading glfw-2.2.0-py2.py27.py3.py30.py31.py32.py33.py34.py35.py36.py37.py38-none-manylinux2014_x86_64.whl.metadata (4.3 kB)\r\n",
      "Downloading glfw-2.2.0-py2.py27.py3.py30.py31.py32.py33.py34.py35.py36.py37.py38-none-manylinux2014_x86_64.whl (204 kB)\r\n",
      "\u001b[2K   \u001b[90mâ”â”â”â”â”â”â”â”â”â”â”â”â”â”â”â”â”â”â”â”â”â”â”â”â”â”â”â”â”â”â”â”â”â”â”â”â”â”â”â”\u001b[0m \u001b[32m204.8/204.8 kB\u001b[0m \u001b[31m7.0 MB/s\u001b[0m eta \u001b[36m0:00:00\u001b[0m\r\n",
      "\u001b[?25hInstalling collected packages: glfw\r\n",
      "Successfully installed glfw-2.2.0\r\n",
      "Collecting pyopengl==3.1.5\r\n",
      "  Downloading PyOpenGL-3.1.5-py3-none-any.whl.metadata (3.2 kB)\r\n",
      "Downloading PyOpenGL-3.1.5-py3-none-any.whl (2.4 MB)\r\n",
      "\u001b[2K   \u001b[90mâ”â”â”â”â”â”â”â”â”â”â”â”â”â”â”â”â”â”â”â”â”â”â”â”â”â”â”â”â”â”â”â”â”â”â”â”â”â”â”â”\u001b[0m \u001b[32m2.4/2.4 MB\u001b[0m \u001b[31m40.0 MB/s\u001b[0m eta \u001b[36m0:00:00\u001b[0m\r\n",
      "\u001b[?25hInstalling collected packages: pyopengl\r\n",
      "  Attempting uninstall: pyopengl\r\n",
      "    Found existing installation: PyOpenGL 3.1.9\r\n",
      "    Uninstalling PyOpenGL-3.1.9:\r\n",
      "      Successfully uninstalled PyOpenGL-3.1.9\r\n",
      "Successfully installed pyopengl-3.1.5\r\n",
      "Collecting imageio-ffmpeg==0.4.3\r\n",
      "  Downloading imageio_ffmpeg-0.4.3-py3-none-manylinux2010_x86_64.whl.metadata (1.6 kB)\r\n",
      "Downloading imageio_ffmpeg-0.4.3-py3-none-manylinux2010_x86_64.whl (26.9 MB)\r\n",
      "\u001b[2K   \u001b[90mâ”â”â”â”â”â”â”â”â”â”â”â”â”â”â”â”â”â”â”â”â”â”â”â”â”â”â”â”â”â”â”â”â”â”â”â”â”â”â”â”\u001b[0m \u001b[32m26.9/26.9 MB\u001b[0m \u001b[31m65.5 MB/s\u001b[0m eta \u001b[36m0:00:00\u001b[0m\r\n",
      "\u001b[?25hInstalling collected packages: imageio-ffmpeg\r\n",
      "  Attempting uninstall: imageio-ffmpeg\r\n",
      "    Found existing installation: imageio-ffmpeg 0.6.0\r\n",
      "    Uninstalling imageio-ffmpeg-0.6.0:\r\n",
      "      Successfully uninstalled imageio-ffmpeg-0.6.0\r\n",
      "Successfully installed imageio-ffmpeg-0.4.3\r\n",
      "Collecting pyspng\r\n",
      "  Downloading pyspng-0.1.3-cp311-cp311-manylinux_2_17_x86_64.manylinux2014_x86_64.whl.metadata (2.0 kB)\r\n",
      "Requirement already satisfied: numpy in /usr/local/lib/python3.11/dist-packages (from pyspng) (1.26.4)\r\n",
      "Requirement already satisfied: mkl_fft in /usr/local/lib/python3.11/dist-packages (from numpy->pyspng) (1.3.8)\r\n",
      "Requirement already satisfied: mkl_random in /usr/local/lib/python3.11/dist-packages (from numpy->pyspng) (1.2.4)\r\n",
      "Requirement already satisfied: mkl_umath in /usr/local/lib/python3.11/dist-packages (from numpy->pyspng) (0.1.1)\r\n",
      "Requirement already satisfied: mkl in /usr/local/lib/python3.11/dist-packages (from numpy->pyspng) (2025.2.0)\r\n",
      "Requirement already satisfied: tbb4py in /usr/local/lib/python3.11/dist-packages (from numpy->pyspng) (2022.2.0)\r\n",
      "Requirement already satisfied: mkl-service in /usr/local/lib/python3.11/dist-packages (from numpy->pyspng) (2.4.1)\r\n",
      "Requirement already satisfied: intel-openmp<2026,>=2024 in /usr/local/lib/python3.11/dist-packages (from mkl->numpy->pyspng) (2024.2.0)\r\n",
      "Requirement already satisfied: tbb==2022.* in /usr/local/lib/python3.11/dist-packages (from mkl->numpy->pyspng) (2022.2.0)\r\n",
      "Requirement already satisfied: tcmlib==1.* in /usr/local/lib/python3.11/dist-packages (from tbb==2022.*->mkl->numpy->pyspng) (1.4.0)\r\n",
      "Requirement already satisfied: intel-cmplr-lib-rt in /usr/local/lib/python3.11/dist-packages (from mkl_umath->numpy->pyspng) (2024.2.0)\r\n",
      "Requirement already satisfied: intel-cmplr-lib-ur==2024.2.0 in /usr/local/lib/python3.11/dist-packages (from intel-openmp<2026,>=2024->mkl->numpy->pyspng) (2024.2.0)\r\n",
      "Downloading pyspng-0.1.3-cp311-cp311-manylinux_2_17_x86_64.manylinux2014_x86_64.whl (196 kB)\r\n",
      "\u001b[2K   \u001b[90mâ”â”â”â”â”â”â”â”â”â”â”â”â”â”â”â”â”â”â”â”â”â”â”â”â”â”â”â”â”â”â”â”â”â”â”â”â”â”â”â”\u001b[0m \u001b[32m196.1/196.1 kB\u001b[0m \u001b[31m6.3 MB/s\u001b[0m eta \u001b[36m0:00:00\u001b[0m\r\n",
      "\u001b[?25hInstalling collected packages: pyspng\r\n",
      "Successfully installed pyspng-0.1.3\r\n"
     ]
    }
   ],
   "source": [
    "# æ ¹æ®environment.ymlå®‰è£…ä¸»è¦çš„ä¾èµ–åŒ…ï¼ˆæ³¨æ„ç‰ˆæœ¬ä»¥å…¼å®¹ Kaggle ç¯å¢ƒï¼‰\n",
    "!pip install numpy>=1.20\n",
    "!pip install click>=8.0\n",
    "!pip install pillow==8.3.1\n",
    "!pip install scipy==1.7.1\n",
    "!pip install requests==2.26.0\n",
    "!pip install tqdm==4.62.2\n",
    "!pip install ninja==1.10.2\n",
    "!pip install matplotlib==3.4.2\n",
    "!pip install imageio==2.9.0\n",
    "\n",
    "!pip install imgui==1.3.0\n",
    "!pip install glfw==2.2.0\n",
    "!pip install pyopengl==3.1.5\n",
    "!pip install imageio-ffmpeg==0.4.3\n",
    "!pip install pyspng\n",
    "\n",
    "# PyTorch åœ¨ Kaggle ä¸­å·²ç»é¢„è£…ï¼Œé€šå¸¸ä¸éœ€è¦é‡æ–°å®‰è£…\n",
    "# å¦‚æœéœ€è¦ç‰¹å®šç‰ˆæœ¬ï¼Œå¯ä»¥è¿™æ ·å®‰è£…ï¼š\n",
    "# !pip install torch==1.9.1+cu111 -f https://download.pytorch.org/whl/torch_stable.html"
   ]
  },
  {
   "cell_type": "code",
   "execution_count": 4,
   "id": "0f98f033",
   "metadata": {
    "execution": {
     "iopub.execute_input": "2025-09-28T00:06:06.610606Z",
     "iopub.status.busy": "2025-09-28T00:06:06.610353Z",
     "iopub.status.idle": "2025-09-28T00:06:10.240358Z",
     "shell.execute_reply": "2025-09-28T00:06:10.239447Z"
    },
    "papermill": {
     "duration": 3.63943,
     "end_time": "2025-09-28T00:06:10.241674",
     "exception": false,
     "start_time": "2025-09-28T00:06:06.602244",
     "status": "completed"
    },
    "tags": []
   },
   "outputs": [
    {
     "name": "stdout",
     "output_type": "stream",
     "text": [
      "PyTorchç‰ˆæœ¬: 2.6.0+cu124\n",
      "CUDA available: True\n",
      "Pillowç‰ˆæœ¬: 11.2.1\n",
      "SciPyç‰ˆæœ¬: 1.15.3\n"
     ]
    }
   ],
   "source": [
    "import torch\n",
    "print(\"PyTorchç‰ˆæœ¬:\", torch.__version__)\n",
    "print(\"CUDA available:\", torch.cuda.is_available())\n",
    "\n",
    "import PIL\n",
    "print(\"Pillowç‰ˆæœ¬:\", PIL.__version__)\n",
    "\n",
    "import scipy\n",
    "print(\"SciPyç‰ˆæœ¬:\", scipy.__version__)"
   ]
  },
  {
   "cell_type": "markdown",
   "id": "e92b786f",
   "metadata": {
    "papermill": {
     "duration": 0.008144,
     "end_time": "2025-09-28T00:06:10.257169",
     "exception": false,
     "start_time": "2025-09-28T00:06:10.249025",
     "status": "completed"
    },
    "tags": []
   },
   "source": [
    "#ä»¥ä¸‹ä¸ºè®­ç»ƒéƒ¨åˆ†# "
   ]
  },
  {
   "cell_type": "markdown",
   "id": "c08202f2",
   "metadata": {
    "papermill": {
     "duration": 0.006878,
     "end_time": "2025-09-28T00:06:10.271673",
     "exception": false,
     "start_time": "2025-09-28T00:06:10.264795",
     "status": "completed"
    },
    "tags": []
   },
   "source": [
    "ğŸ‘‡æ­¤codeå—æ˜¯ç”¨dataset_tool.pyå°†æ•°æ®æ‰“åŒ…"
   ]
  },
  {
   "cell_type": "code",
   "execution_count": 5,
   "id": "e6ead552",
   "metadata": {
    "execution": {
     "iopub.execute_input": "2025-09-28T00:06:10.286714Z",
     "iopub.status.busy": "2025-09-28T00:06:10.286020Z",
     "iopub.status.idle": "2025-09-28T00:06:14.712527Z",
     "shell.execute_reply": "2025-09-28T00:06:14.711561Z"
    },
    "papermill": {
     "duration": 4.435332,
     "end_time": "2025-09-28T00:06:14.713735",
     "exception": false,
     "start_time": "2025-09-28T00:06:10.278403",
     "status": "completed"
    },
    "tags": []
   },
   "outputs": [
    {
     "name": "stderr",
     "output_type": "stream",
     "text": [
      "è½¬æ¢å›¾åƒæ ¼å¼: 100%|â–ˆâ–ˆâ–ˆâ–ˆâ–ˆâ–ˆâ–ˆâ–ˆâ–ˆâ–ˆ| 42/42 [00:03<00:00, 12.49it/s]\n"
     ]
    },
    {
     "name": "stdout",
     "output_type": "stream",
     "text": [
      "\n",
      "æ‰“åŒ…å‘½ä»¤è¾“å‡ºï¼š\n",
      "\n",
      "é”™è¯¯ä¿¡æ¯ï¼š\n",
      "\n",
      "  0%|          | 0/42 [00:00<?, ?it/s]\n",
      " 14%|â–ˆâ–        | 6/42 [00:00<00:00, 57.47it/s]\n",
      " 29%|â–ˆâ–ˆâ–Š       | 12/42 [00:00<00:00, 44.23it/s]\n",
      " 45%|â–ˆâ–ˆâ–ˆâ–ˆâ–Œ     | 19/42 [00:00<00:00, 52.66it/s]\n",
      " 62%|â–ˆâ–ˆâ–ˆâ–ˆâ–ˆâ–ˆâ–   | 26/42 [00:00<00:00, 56.25it/s]\n",
      " 76%|â–ˆâ–ˆâ–ˆâ–ˆâ–ˆâ–ˆâ–ˆâ–Œ  | 32/42 [00:00<00:00, 57.18it/s]\n",
      " 93%|â–ˆâ–ˆâ–ˆâ–ˆâ–ˆâ–ˆâ–ˆâ–ˆâ–ˆâ–| 39/42 [00:00<00:00, 58.21it/s]\n",
      "100%|â–ˆâ–ˆâ–ˆâ–ˆâ–ˆâ–ˆâ–ˆâ–ˆâ–ˆâ–ˆ| 42/42 [00:00<00:00, 56.50it/s]\n",
      "\n",
      "\n",
      "æ•°æ®é›†æ‰“åŒ…æˆåŠŸï¼Œä¿å­˜è‡³ï¼š/kaggle/working/my_dataset-512x512.zip\n"
     ]
    }
   ],
   "source": [
    "import subprocess\n",
    "import os\n",
    "from PIL import Image\n",
    "from tqdm import tqdm\n",
    "\n",
    "\n",
    "# å…ˆå°†å›¾ç‰‡è‡ªåŠ¨å¤„ç†ä¸ºRGBæ¨¡å¼ï¼ˆé»˜è®¤ä¸ºRGBAï¼‰\n",
    "# 1. å®šä¹‰è·¯å¾„\n",
    "input_dir = \"/kaggle/input/ruishou/ruishou\"  # åŸå§‹å›¾åƒç›®å½•\n",
    "temp_rgb_dir = \"/kaggle/working/temp_rgb\"  # ä¸´æ—¶å­˜æ”¾RGBè½¬æ¢åçš„å›¾åƒ\n",
    "output_zip = \"/kaggle/working/my_dataset-512x512.zip\"  # æœ€ç»ˆè¾“å‡ºçš„ZIPæ–‡ä»¶\n",
    "\n",
    "# 2. åˆ›å»ºä¸´æ—¶ç›®å½•\n",
    "os.makedirs(temp_rgb_dir, exist_ok=True)\n",
    "\n",
    "# 3. æ‰¹é‡è½¬æ¢å›¾åƒä¸ºRGBæ ¼å¼\n",
    "image_files = [f for f in os.listdir(input_dir) if f.lower().endswith(('.png', '.jpg', '.jpeg'))]\n",
    "\n",
    "for filename in tqdm(image_files, desc=\"è½¬æ¢å›¾åƒæ ¼å¼\"):\n",
    "    try:\n",
    "        # æ‰“å¼€å›¾åƒ\n",
    "        img_path = os.path.join(input_dir, filename)\n",
    "        with Image.open(img_path) as img:\n",
    "            # è½¬æ¢ä¸ºRGBï¼ˆè‡ªåŠ¨å¤„ç†RGBAã€Pæ¨¡å¼ç­‰ï¼‰\n",
    "            if img.mode not in ('RGB', 'L'):  # 'L'æ˜¯ç°åº¦æ¨¡å¼\n",
    "                img = img.convert('RGB')\n",
    "            # ä¿å­˜åˆ°ä¸´æ—¶ç›®å½•\n",
    "            save_path = os.path.join(temp_rgb_dir, filename)\n",
    "            img.save(save_path)\n",
    "    except Exception as e:\n",
    "        print(f\"å¤„ç† {filename} å¤±è´¥: {e}\")\n",
    "\n",
    "\n",
    "\n",
    "# 4. ä½¿ç”¨è½¬æ¢åçš„RGBå›¾åƒè¿›è¡Œæ‰“åŒ…\n",
    "command = [\n",
    "    \"python\", \"dataset_tool.py\",\n",
    "    \"--source\", temp_rgb_dir,\n",
    "    \"--dest\", output_zip,\n",
    "    \"--resolution\", \"512x512\"\n",
    "]\n",
    "\n",
    "result = subprocess.run(\n",
    "    command,\n",
    "    capture_output=True,\n",
    "    text=True\n",
    ")\n",
    "\n",
    "# æ‰“å°ç»“æœ\n",
    "print(\"\\næ‰“åŒ…å‘½ä»¤è¾“å‡ºï¼š\")\n",
    "print(result.stdout)\n",
    "print(\"é”™è¯¯ä¿¡æ¯ï¼š\")\n",
    "print(result.stderr)\n",
    "\n",
    "if result.returncode == 0:\n",
    "    print(f\"\\næ•°æ®é›†æ‰“åŒ…æˆåŠŸï¼Œä¿å­˜è‡³ï¼š{output_zip}\")\n",
    "else:\n",
    "    print(\"\\næ•°æ®é›†æ‰“åŒ…å¤±è´¥\")\n"
   ]
  },
  {
   "cell_type": "code",
   "execution_count": 6,
   "id": "b5a7b810",
   "metadata": {
    "execution": {
     "iopub.execute_input": "2025-09-28T00:06:14.732197Z",
     "iopub.status.busy": "2025-09-28T00:06:14.731971Z",
     "iopub.status.idle": "2025-09-28T00:06:14.741928Z",
     "shell.execute_reply": "2025-09-28T00:06:14.741314Z"
    },
    "papermill": {
     "duration": 0.020084,
     "end_time": "2025-09-28T00:06:14.742899",
     "exception": false,
     "start_time": "2025-09-28T00:06:14.722815",
     "status": "completed"
    },
    "tags": []
   },
   "outputs": [
    {
     "name": "stdout",
     "output_type": "stream",
     "text": [
      "æ–‡ä»¶å·²æ›¿æ¢: /kaggle/working/stylegan3/train.py\n",
      "æ›¿æ¢åçš„æ–‡ä»¶å¤§å°: 15914 å­—èŠ‚\n"
     ]
    }
   ],
   "source": [
    "#æ›¿æ¢train.pyä¸ºæ­£ç¡®ç‰ˆæœ¬\n",
    "\n",
    "import shutil\n",
    "import os\n",
    "\n",
    "\n",
    "source_path = \"/kaggle/input/real-train-py/train.py\"  \n",
    "destination_path = \"/kaggle/working/stylegan3/train.py\"\n",
    "\n",
    "# ç¡®ä¿ç›®æ ‡ç›®å½•å­˜åœ¨\n",
    "os.makedirs(os.path.dirname(destination_path), exist_ok=True)\n",
    "\n",
    "# å¤åˆ¶å¹¶æ›¿æ¢æ–‡ä»¶\n",
    "shutil.copy2(source_path, destination_path)\n",
    "\n",
    "# éªŒè¯æ›¿æ¢æ˜¯å¦æˆåŠŸ\n",
    "print(f\"æ–‡ä»¶å·²æ›¿æ¢: {destination_path}\")\n",
    "print(f\"æ›¿æ¢åçš„æ–‡ä»¶å¤§å°: {os.path.getsize(destination_path)} å­—èŠ‚\")"
   ]
  },
  {
   "cell_type": "code",
   "execution_count": 7,
   "id": "258e6239",
   "metadata": {
    "execution": {
     "iopub.execute_input": "2025-09-28T00:06:14.759262Z",
     "iopub.status.busy": "2025-09-28T00:06:14.759065Z",
     "iopub.status.idle": "2025-09-28T00:06:25.574056Z",
     "shell.execute_reply": "2025-09-28T00:06:25.573263Z"
    },
    "papermill": {
     "duration": 10.824765,
     "end_time": "2025-09-28T00:06:25.575597",
     "exception": false,
     "start_time": "2025-09-28T00:06:14.750832",
     "status": "completed"
    },
    "tags": []
   },
   "outputs": [
    {
     "name": "stdout",
     "output_type": "stream",
     "text": [
      "/usr/local/lib/python3.11/dist-packages/requests/__init__.py:102: RequestsDependencyWarning: urllib3 (1.26.20) or chardet (5.2.0)/charset_normalizer (2.0.12) doesn't match a supported version!\r\n",
      "  warnings.warn(\"urllib3 ({}) or chardet ({})/charset_normalizer ({}) doesn't match a supported \"\r\n",
      "\r\n",
      "Training options:\r\n",
      "{\r\n",
      "  \"G_kwargs\": {\r\n",
      "    \"class_name\": \"training.networks_stylegan3.Generator\",\r\n",
      "    \"z_dim\": 512,\r\n",
      "    \"w_dim\": 512,\r\n",
      "    \"mapping_kwargs\": {\r\n",
      "      \"num_layers\": 2\r\n",
      "    },\r\n",
      "    \"channel_base\": 32768,\r\n",
      "    \"channel_max\": 512,\r\n",
      "    \"magnitude_ema_beta\": 0.9997227795604651\r\n",
      "  },\r\n",
      "  \"D_kwargs\": {\r\n",
      "    \"class_name\": \"training.networks_stylegan2.Discriminator\",\r\n",
      "    \"block_kwargs\": {\r\n",
      "      \"freeze_layers\": 0\r\n",
      "    },\r\n",
      "    \"mapping_kwargs\": {},\r\n",
      "    \"epilogue_kwargs\": {\r\n",
      "      \"mbstd_group_size\": 4\r\n",
      "    },\r\n",
      "    \"channel_base\": 32768,\r\n",
      "    \"channel_max\": 512\r\n",
      "  },\r\n",
      "  \"G_opt_kwargs\": {\r\n",
      "    \"class_name\": \"torch.optim.Adam\",\r\n",
      "    \"betas\": [\r\n",
      "      0.0,\r\n",
      "      0.99\r\n",
      "    ],\r\n",
      "    \"eps\": 1e-08,\r\n",
      "    \"lr\": 0.0025\r\n",
      "  },\r\n",
      "  \"D_opt_kwargs\": {\r\n",
      "    \"class_name\": \"torch.optim.Adam\",\r\n",
      "    \"betas\": [\r\n",
      "      0.0,\r\n",
      "      0.99\r\n",
      "    ],\r\n",
      "    \"eps\": 1e-08,\r\n",
      "    \"lr\": 0.002\r\n",
      "  },\r\n",
      "  \"loss_kwargs\": {\r\n",
      "    \"class_name\": \"training.loss.StyleGAN2Loss\",\r\n",
      "    \"r1_gamma\": 8.2,\r\n",
      "    \"blur_init_sigma\": 0\r\n",
      "  },\r\n",
      "  \"data_loader_kwargs\": {\r\n",
      "    \"pin_memory\": true,\r\n",
      "    \"prefetch_factor\": 2,\r\n",
      "    \"num_workers\": 3\r\n",
      "  },\r\n",
      "  \"training_set_kwargs\": {\r\n",
      "    \"class_name\": \"training.dataset.ImageFolderDataset\",\r\n",
      "    \"path\": \"/kaggle/working/my_dataset-512x512.zip\",\r\n",
      "    \"use_labels\": false,\r\n",
      "    \"max_size\": 42,\r\n",
      "    \"xflip\": true,\r\n",
      "    \"resolution\": 512,\r\n",
      "    \"random_seed\": 0\r\n",
      "  },\r\n",
      "  \"num_gpus\": 2,\r\n",
      "  \"batch_size\": 8,\r\n",
      "  \"batch_gpu\": 4,\r\n",
      "  \"metrics\": [\r\n",
      "    \"fid50k_full\"\r\n",
      "  ],\r\n",
      "  \"total_kimg\": 200,\r\n",
      "  \"kimg_per_tick\": 4,\r\n",
      "  \"image_snapshot_ticks\": 5,\r\n",
      "  \"network_snapshot_ticks\": 5,\r\n",
      "  \"random_seed\": 0,\r\n",
      "  \"ema_kimg\": 2.5,\r\n",
      "  \"augment_kwargs\": {\r\n",
      "    \"class_name\": \"training.augment.AugmentPipe\",\r\n",
      "    \"xflip\": 1,\r\n",
      "    \"rotate90\": 1,\r\n",
      "    \"xint\": 1,\r\n",
      "    \"scale\": 1,\r\n",
      "    \"rotate\": 1,\r\n",
      "    \"aniso\": 1,\r\n",
      "    \"xfrac\": 1,\r\n",
      "    \"brightness\": 1,\r\n",
      "    \"contrast\": 1,\r\n",
      "    \"lumaflip\": 1,\r\n",
      "    \"hue\": 1,\r\n",
      "    \"saturation\": 1\r\n",
      "  },\r\n",
      "  \"ada_target\": 0.6,\r\n",
      "  \"resume_pkl\": \"/kaggle/input/100kimg-pkl/network-snapshot-000100.pkl\",\r\n",
      "  \"ada_kimg\": 100,\r\n",
      "  \"ema_rampup\": null,\r\n",
      "  \"run_dir\": \"/kaggle/working/training/00000-stylegan3-t-my_dataset-512x512-gpus2-batch8-gamma8.2\"\r\n",
      "}\r\n",
      "\r\n",
      "Output directory:    /kaggle/working/training/00000-stylegan3-t-my_dataset-512x512-gpus2-batch8-gamma8.2\r\n",
      "Number of GPUs:      2\r\n",
      "Batch size:          8 images\r\n",
      "Training duration:   200 kimg\r\n",
      "Dataset path:        /kaggle/working/my_dataset-512x512.zip\r\n",
      "Dataset size:        42 images\r\n",
      "Dataset resolution:  512\r\n",
      "Dataset labels:      False\r\n",
      "Dataset x-flips:     True\r\n",
      "\r\n",
      "Creating output directory...\r\n",
      "Launching processes...\r\n",
      "/usr/local/lib/python3.11/dist-packages/requests/__init__.py:102: RequestsDependencyWarning: urllib3 (1.26.20) or chardet (5.2.0)/charset_normalizer (2.0.12) doesn't match a supported version!\r\n",
      "  warnings.warn(\"urllib3 ({}) or chardet ({})/charset_normalizer ({}) doesn't match a supported \"\r\n",
      "/usr/local/lib/python3.11/dist-packages/requests/__init__.py:102: RequestsDependencyWarning: urllib3 (1.26.20) or chardet (5.2.0)/charset_normalizer (2.0.12) doesn't match a supported version!\r\n",
      "  warnings.warn(\"urllib3 ({}) or chardet ({})/charset_normalizer ({}) doesn't match a supported \"\r\n",
      "Loading training set...\r\n",
      "/usr/local/lib/python3.11/dist-packages/torch/utils/data/sampler.py:77: UserWarning: `data_source` argument is not used and will be removed in 2.2.0.You may still have custom implementation that utilizes it.\r\n",
      "  warnings.warn(\r\n",
      "\r\n",
      "Num images:  84\r\n",
      "Image shape: [3, 512, 512]\r\n",
      "Label shape: [0]\r\n",
      "\r\n",
      "Constructing networks...\r\n",
      "/usr/local/lib/python3.11/dist-packages/torch/utils/data/sampler.py:77: UserWarning: `data_source` argument is not used and will be removed in 2.2.0.You may still have custom implementation that utilizes it.\r\n",
      "  warnings.warn(\r\n",
      "Process SpawnProcess-2:\r\n",
      "Traceback (most recent call last):\r\n",
      "  File \"/usr/local/lib/python3.11/dist-packages/torch/multiprocessing/spawn.py\", line 90, in _wrap\r\n",
      "    fn(i, *args)\r\n",
      "  File \"/kaggle/working/stylegan3/train.py\", line 47, in subprocess_fn\r\n",
      "    training_loop.training_loop(rank=rank, **c)\r\n",
      "  File \"/kaggle/working/stylegan3/training/training_loop.py\", line 152, in training_loop\r\n",
      "    G = dnnlib.util.construct_class_by_name(**G_kwargs, **common_kwargs).train().requires_grad_(False).to(device) # subclass of torch.nn.Module\r\n",
      "        ^^^^^^^^^^^^^^^^^^^^^^^^^^^^^^^^^^^^^^^^^^^^^^^^^^^^^^^^^^^^^^^^^^^^^^^^^^^^^^^^^^^^^^^^^^^^^^^^^^^^^^^^^\r\n",
      "  File \"/usr/local/lib/python3.11/dist-packages/torch/nn/modules/module.py\", line 1343, in to\r\n",
      "    return self._apply(convert)\r\n",
      "           ^^^^^^^^^^^^^^^^^^^^\r\n",
      "  File \"/usr/local/lib/python3.11/dist-packages/torch/nn/modules/module.py\", line 903, in _apply\r\n",
      "    module._apply(fn)\r\n",
      "  File \"/usr/local/lib/python3.11/dist-packages/torch/nn/modules/module.py\", line 903, in _apply\r\n",
      "    module._apply(fn)\r\n",
      "  File \"/usr/local/lib/python3.11/dist-packages/torch/nn/modules/module.py\", line 903, in _apply\r\n",
      "    module._apply(fn)\r\n",
      "  File \"/usr/local/lib/python3.11/dist-packages/torch/nn/modules/module.py\", line 930, in _apply\r\n",
      "    param_applied = fn(param)\r\n",
      "                    ^^^^^^^^^\r\n",
      "  File \"/usr/local/lib/python3.11/dist-packages/torch/nn/modules/module.py\", line 1329, in convert\r\n",
      "    return t.to(\r\n",
      "           ^^^^^\r\n",
      "RuntimeError: CUDA error: invalid device ordinal\r\n",
      "CUDA kernel errors might be asynchronously reported at some other API call, so the stacktrace below might be incorrect.\r\n",
      "For debugging consider passing CUDA_LAUNCH_BLOCKING=1\r\n",
      "Compile with `TORCH_USE_CUDA_DSA` to enable device-side assertions.\r\n",
      "\r\n",
      "\r\n",
      "During handling of the above exception, another exception occurred:\r\n",
      "\r\n",
      "Traceback (most recent call last):\r\n",
      "  File \"/usr/lib/python3.11/multiprocessing/process.py\", line 314, in _bootstrap\r\n",
      "    self.run()\r\n",
      "  File \"/usr/lib/python3.11/multiprocessing/process.py\", line 108, in run\r\n",
      "    self._target(*self._args, **self._kwargs)\r\n",
      "  File \"/usr/local/lib/python3.11/dist-packages/torch/multiprocessing/spawn.py\", line 99, in _wrap\r\n",
      "    sys.exit(1)\r\n",
      "SystemExit: 1\r\n",
      "\r\n",
      "During handling of the above exception, another exception occurred:\r\n",
      "\r\n",
      "Traceback (most recent call last):\r\n",
      "  File \"/usr/lib/python3.11/multiprocessing/process.py\", line 317, in _bootstrap\r\n",
      "    util._exit_function()\r\n",
      "  File \"/usr/lib/python3.11/multiprocessing/util.py\", line 360, in _exit_function\r\n",
      "    p.join()\r\n",
      "  File \"/usr/lib/python3.11/multiprocessing/process.py\", line 149, in join\r\n",
      "    res = self._popen.wait(timeout)\r\n",
      "          ^^^^^^^^^^^^^^^^^^^^^^^^^\r\n",
      "  File \"/usr/lib/python3.11/multiprocessing/popen_fork.py\", line 43, in wait\r\n",
      "    return self.poll(os.WNOHANG if timeout == 0.0 else 0)\r\n",
      "           ^^^^^^^^^^^^^^^^^^^^^^^^^^^^^^^^^^^^^^^^^^^^^^\r\n",
      "  File \"/usr/lib/python3.11/multiprocessing/popen_fork.py\", line 27, in poll\r\n",
      "    pid, sts = os.waitpid(self.pid, flag)\r\n",
      "               ^^^^^^^^^^^^^^^^^^^^^^^^^^\r\n",
      "  File \"/usr/local/lib/python3.11/dist-packages/torch/utils/data/_utils/signal_handling.py\", line 73, in handler\r\n",
      "    _error_if_any_worker_fails()\r\n",
      "RuntimeError: DataLoader worker (pid 3606) is killed by signal: Terminated. \r\n",
      "[rank1]:[W928 00:06:23.105293566 ProcessGroupNCCL.cpp:1496] Warning: WARNING: destroy_process_group() was not called before program exit, which can leak resources. For more info, please see https://pytorch.org/docs/stable/distributed.html#shutdown (function operator())\r\n",
      "Resuming from \"/kaggle/input/100kimg-pkl/network-snapshot-000100.pkl\"\r\n",
      "/usr/local/lib/python3.11/dist-packages/requests/__init__.py:102: RequestsDependencyWarning: urllib3 (1.26.20) or chardet (5.2.0)/charset_normalizer (2.0.12) doesn't match a supported version!\r\n",
      "  warnings.warn(\"urllib3 ({}) or chardet ({})/charset_normalizer ({}) doesn't match a supported \"\r\n",
      "/usr/local/lib/python3.11/dist-packages/requests/__init__.py:102: RequestsDependencyWarning: urllib3 (1.26.20) or chardet (5.2.0)/charset_normalizer (2.0.12) doesn't match a supported version!\r\n",
      "  warnings.warn(\"urllib3 ({}) or chardet ({})/charset_normalizer ({}) doesn't match a supported \"\r\n",
      "W0928 00:06:24.390000 3577 torch/multiprocessing/spawn.py:169] Terminating process 3584 via signal SIGTERM\r\n",
      "/usr/local/lib/python3.11/dist-packages/requests/__init__.py:102: RequestsDependencyWarning: urllib3 (1.26.20) or chardet (5.2.0)/charset_normalizer (2.0.12) doesn't match a supported version!\r\n",
      "  warnings.warn(\"urllib3 ({}) or chardet ({})/charset_normalizer ({}) doesn't match a supported \"\r\n",
      "Traceback (most recent call last):\r\n",
      "  File \"/kaggle/working/stylegan3/train.py\", line 286, in <module>\r\n",
      "    main() # pylint: disable=no-value-for-parameter\r\n",
      "    ^^^^^^\r\n",
      "  File \"/usr/local/lib/python3.11/dist-packages/click/core.py\", line 1442, in __call__\r\n",
      "    return self.main(*args, **kwargs)\r\n",
      "           ^^^^^^^^^^^^^^^^^^^^^^^^^^\r\n",
      "  File \"/usr/local/lib/python3.11/dist-packages/click/core.py\", line 1363, in main\r\n",
      "    rv = self.invoke(ctx)\r\n",
      "         ^^^^^^^^^^^^^^^^\r\n",
      "  File \"/usr/local/lib/python3.11/dist-packages/click/core.py\", line 1226, in invoke\r\n",
      "    return ctx.invoke(self.callback, **ctx.params)\r\n",
      "           ^^^^^^^^^^^^^^^^^^^^^^^^^^^^^^^^^^^^^^^\r\n",
      "  File \"/usr/local/lib/python3.11/dist-packages/click/core.py\", line 794, in invoke\r\n",
      "    return callback(*args, **kwargs)\r\n",
      "           ^^^^^^^^^^^^^^^^^^^^^^^^^\r\n",
      "  File \"/kaggle/working/stylegan3/train.py\", line 281, in main\r\n",
      "    launch_training(c=c, desc=desc, outdir=opts.outdir, dry_run=opts.dry_run)\r\n",
      "  File \"/kaggle/working/stylegan3/train.py\", line 98, in launch_training\r\n",
      "    torch.multiprocessing.spawn(fn=subprocess_fn, args=(c, temp_dir), nprocs=c.num_gpus)\r\n",
      "  File \"/usr/local/lib/python3.11/dist-packages/torch/multiprocessing/spawn.py\", line 340, in spawn\r\n",
      "    return start_processes(fn, args, nprocs, join, daemon, start_method=\"spawn\")\r\n",
      "           ^^^^^^^^^^^^^^^^^^^^^^^^^^^^^^^^^^^^^^^^^^^^^^^^^^^^^^^^^^^^^^^^^^^^^\r\n",
      "  File \"/usr/local/lib/python3.11/dist-packages/torch/multiprocessing/spawn.py\", line 296, in start_processes\r\n",
      "    while not context.join():\r\n",
      "              ^^^^^^^^^^^^^^\r\n",
      "  File \"/usr/local/lib/python3.11/dist-packages/torch/multiprocessing/spawn.py\", line 215, in join\r\n",
      "    raise ProcessRaisedException(msg, error_index, failed_process.pid)\r\n",
      "torch.multiprocessing.spawn.ProcessRaisedException: \r\n",
      "\r\n",
      "-- Process 1 terminated with the following error:\r\n",
      "Traceback (most recent call last):\r\n",
      "  File \"/usr/local/lib/python3.11/dist-packages/torch/multiprocessing/spawn.py\", line 90, in _wrap\r\n",
      "    fn(i, *args)\r\n",
      "  File \"/kaggle/working/stylegan3/train.py\", line 47, in subprocess_fn\r\n",
      "    training_loop.training_loop(rank=rank, **c)\r\n",
      "  File \"/kaggle/working/stylegan3/training/training_loop.py\", line 152, in training_loop\r\n",
      "    G = dnnlib.util.construct_class_by_name(**G_kwargs, **common_kwargs).train().requires_grad_(False).to(device) # subclass of torch.nn.Module\r\n",
      "        ^^^^^^^^^^^^^^^^^^^^^^^^^^^^^^^^^^^^^^^^^^^^^^^^^^^^^^^^^^^^^^^^^^^^^^^^^^^^^^^^^^^^^^^^^^^^^^^^^^^^^^^^^\r\n",
      "  File \"/usr/local/lib/python3.11/dist-packages/torch/nn/modules/module.py\", line 1343, in to\r\n",
      "    return self._apply(convert)\r\n",
      "           ^^^^^^^^^^^^^^^^^^^^\r\n",
      "  File \"/usr/local/lib/python3.11/dist-packages/torch/nn/modules/module.py\", line 903, in _apply\r\n",
      "    module._apply(fn)\r\n",
      "  File \"/usr/local/lib/python3.11/dist-packages/torch/nn/modules/module.py\", line 903, in _apply\r\n",
      "    module._apply(fn)\r\n",
      "  File \"/usr/local/lib/python3.11/dist-packages/torch/nn/modules/module.py\", line 903, in _apply\r\n",
      "    module._apply(fn)\r\n",
      "  File \"/usr/local/lib/python3.11/dist-packages/torch/nn/modules/module.py\", line 930, in _apply\r\n",
      "    param_applied = fn(param)\r\n",
      "                    ^^^^^^^^^\r\n",
      "  File \"/usr/local/lib/python3.11/dist-packages/torch/nn/modules/module.py\", line 1329, in convert\r\n",
      "    return t.to(\r\n",
      "           ^^^^^\r\n",
      "RuntimeError: CUDA error: invalid device ordinal\r\n",
      "CUDA kernel errors might be asynchronously reported at some other API call, so the stacktrace below might be incorrect.\r\n",
      "For debugging consider passing CUDA_LAUNCH_BLOCKING=1\r\n",
      "Compile with `TORCH_USE_CUDA_DSA` to enable device-side assertions.\r\n",
      "\r\n",
      "\r\n"
     ]
    }
   ],
   "source": [
    "# ç”¨2ä¸ªGPUè®­ç»ƒStyleGAN3-T\n",
    "\n",
    "# --outdirï¼šè®­ç»ƒç»“æœè¾“å‡ºç›®å½•\n",
    "# --cfgï¼šæ¨¡å‹é…ç½®ï¼ˆæ­¤å¤„ä¸ºstylegan3-tï¼‰\n",
    "# --dataï¼šæ•°æ®é›†è·¯å¾„\n",
    "# --gpusï¼šä½¿ç”¨çš„GPUæ•°é‡ï¼ˆKaggleæœ€å¤§é™åˆ¶ä¸º2ï¼‰\n",
    "# --batchï¼šæ€»æ‰¹æ¬¡å¤§å°ï¼ˆæ‰€æœ‰GPUåˆè®¡ï¼‰\n",
    "# --batch-gpuï¼šæ¯ä¸ªGPUçš„å­æ‰¹æ¬¡å¤§å°\n",
    "# --gammaï¼šè®­ç»ƒè¶…å‚æ•°ï¼ˆå½±å“ç”Ÿæˆè´¨é‡çš„å¹³è¡¡å‚æ•°ï¼‰\n",
    "# --mirrorï¼šæ˜¯å¦å¯ç”¨æ•°æ®é•œåƒå¢å¼ºï¼ˆ1=å¯ç”¨ï¼Œ0=ç¦ç”¨ï¼‰\n",
    "# --kimgï¼šæ€»è®­ç»ƒå›¾åƒæ•°é‡ï¼ˆå•ä½ï¼šåƒå¼ ï¼‰\n",
    "# --snapï¼šå¿«ç…§ä¿å­˜é—´éš”ï¼ˆå•ä½ï¼šåƒå¼ å›¾åƒï¼‰\n",
    "!python train.py \\\n",
    "--outdir /kaggle/working/training \\\n",
    "--cfg stylegan3-t \\\n",
    "--data /kaggle/working/my_dataset-512x512.zip \\\n",
    "--gpus 2 \\\n",
    "--batch 8 \\\n",
    "--batch-gpu 4 \\\n",
    "--gamma 8.2 \\\n",
    "--aug ada \\\n",
    "--resume /kaggle/input/100kimg-pkl/network-snapshot-000100.pkl \\\n",
    "--mirror 1 \\\n",
    "--kimg 200 \\\n",
    "--snap 5 \\\n",
    "\n",
    "\n",
    "\n",
    "\n"
   ]
  },
  {
   "cell_type": "code",
   "execution_count": 8,
   "id": "cd53c479",
   "metadata": {
    "execution": {
     "iopub.execute_input": "2025-09-28T00:06:25.594859Z",
     "iopub.status.busy": "2025-09-28T00:06:25.594181Z",
     "iopub.status.idle": "2025-09-28T00:06:25.723755Z",
     "shell.execute_reply": "2025-09-28T00:06:25.723044Z"
    },
    "papermill": {
     "duration": 0.140396,
     "end_time": "2025-09-28T00:06:25.725066",
     "exception": false,
     "start_time": "2025-09-28T00:06:25.584670",
     "status": "completed"
    },
    "tags": []
   },
   "outputs": [
    {
     "name": "stdout",
     "output_type": "stream",
     "text": [
      "  adding: kaggle/working/training/ (stored 0%)\r\n",
      "  adding: kaggle/working/training/00000-stylegan3-t-my_dataset-512x512-gpus2-batch8-gamma8.2/ (stored 0%)\r\n",
      "  adding: kaggle/working/training/00000-stylegan3-t-my_dataset-512x512-gpus2-batch8-gamma8.2/training_options.json (deflated 63%)\r\n",
      "  adding: kaggle/working/training/00000-stylegan3-t-my_dataset-512x512-gpus2-batch8-gamma8.2/log.txt (deflated 69%)\r\n"
     ]
    }
   ],
   "source": [
    "!zip -r /kaggle/working/training.zip /kaggle/working/training"
   ]
  }
 ],
 "metadata": {
  "kaggle": {
   "accelerator": "none",
   "dataSources": [
    {
     "datasetId": 8350728,
     "sourceId": 13177960,
     "sourceType": "datasetVersion"
    },
    {
     "datasetId": 8352319,
     "sourceId": 13180091,
     "sourceType": "datasetVersion"
    },
    {
     "datasetId": 8358424,
     "sourceId": 13189516,
     "sourceType": "datasetVersion"
    }
   ],
   "dockerImageVersionId": 31090,
   "isGpuEnabled": false,
   "isInternetEnabled": true,
   "language": "python",
   "sourceType": "notebook"
  },
  "kernelspec": {
   "display_name": "Python 3",
   "language": "python",
   "name": "python3"
  },
  "language_info": {
   "codemirror_mode": {
    "name": "ipython",
    "version": 3
   },
   "file_extension": ".py",
   "mimetype": "text/x-python",
   "name": "python",
   "nbconvert_exporter": "python",
   "pygments_lexer": "ipython3",
   "version": "3.11.13"
  },
  "papermill": {
   "default_parameters": {},
   "duration": 187.150301,
   "end_time": "2025-09-28T00:06:26.452000",
   "environment_variables": {},
   "exception": null,
   "input_path": "__notebook__.ipynb",
   "output_path": "__notebook__.ipynb",
   "parameters": {},
   "start_time": "2025-09-28T00:03:19.301699",
   "version": "2.6.0"
  }
 },
 "nbformat": 4,
 "nbformat_minor": 5
}
